# JRE version: OpenJDK Runtime Environment (7.0_85-b01) (build 1.7.0_85-b01)
# Java VM: OpenJDK 64-Bit Server VM (24.85-b03 mixed mode linux-amd64 compressed oops)
Heap
 PSYoungGen      total 306176K, used 225969K [0x00000000eaa80000, 0x0000000100000000, 0x0000000100000000)
  eden space 262656K, 69% used [0x00000000eaa80000,0x00000000f5cb0b28,0x00000000fab00000)
  from space 43520K, 99% used [0x00000000fd580000,0x00000000ffffb920,0x0000000100000000)
  to   space 43520K, 0% used [0x00000000fab00000,0x00000000fab00000,0x00000000fd580000)
 ParOldGen       total 699392K, used 61647K [0x00000000bff80000, 0x00000000eaa80000, 0x00000000eaa80000)
  object space 699392K, 8% used [0x00000000bff80000,0x00000000c3bb3d90,0x00000000eaa80000)
 PSPermGen       total 66560K, used 66418K [0x00000000aff80000, 0x00000000b4080000, 0x00000000bff80000)
  object space 66560K, 99% used [0x00000000aff80000,0x00000000b405c9a0,0x00000000b4080000)
GC Heap History (8 events):
Event: 3.742 GC heap before
{Heap before GC invocations=1 (full 0):
 PSYoungGen      total 306176K, used 262656K [0x00000000eaa80000, 0x0000000100000000, 0x0000000100000000)
  eden space 262656K, 100% used [0x00000000eaa80000,0x00000000fab00000,0x00000000fab00000)
  from space 43520K, 0% used [0x00000000fd580000,0x00000000fd580000,0x0000000100000000)
  to   space 43520K, 0% used [0x00000000fab00000,0x00000000fab00000,0x00000000fd580000)
 ParOldGen       total 699392K, used 0K [0x00000000bff80000, 0x00000000eaa80000, 0x00000000eaa80000)
  object space 699392K, 0% used [0x00000000bff80000,0x00000000bff80000,0x00000000eaa80000)
 PSPermGen       total 34816K, used 34804K [0x00000000aff80000, 0x00000000b2180000, 0x00000000bff80000)
  object space 34816K, 99% used [0x00000000aff80000,0x00000000b217d018,0x00000000b2180000)
Event: 3.775 GC heap after
Heap after GC invocations=1 (full 0):
 PSYoungGen      total 306176K, used 26697K [0x00000000eaa80000, 0x0000000100000000, 0x0000000100000000)
  eden space 262656K, 0% used [0x00000000eaa80000,0x00000000eaa80000,0x00000000fab00000)
  from space 43520K, 61% used [0x00000000fab00000,0x00000000fc5126c0,0x00000000fd580000)
  to   space 43520K, 0% used [0x00000000fd580000,0x00000000fd580000,0x0000000100000000)
 ParOldGen       total 699392K, used 72K [0x00000000bff80000, 0x00000000eaa80000, 0x00000000eaa80000)
  object space 699392K, 0% used [0x00000000bff80000,0x00000000bff92010,0x00000000eaa80000)
 PSPermGen       total 34816K, used 34804K [0x00000000aff80000, 0x00000000b2180000, 0x00000000bff80000)
  object space 34816K, 99% used [0x00000000aff80000,0x00000000b217d018,0x00000000b2180000)
}
Event: 18.647 GC heap before
{Heap before GC invocations=2 (full 0):
 PSYoungGen      total 306176K, used 289353K [0x00000000eaa80000, 0x0000000100000000, 0x0000000100000000)
  eden space 262656K, 100% used [0x00000000eaa80000,0x00000000fab00000,0x00000000fab00000)
  from space 43520K, 61% used [0x00000000fab00000,0x00000000fc5126c0,0x00000000fd580000)
  to   space 43520K, 0% used [0x00000000fd580000,0x00000000fd580000,0x0000000100000000)
 ParOldGen       total 699392K, used 72K [0x00000000bff80000, 0x00000000eaa80000, 0x00000000eaa80000)
  object space 699392K, 0% used [0x00000000bff80000,0x00000000bff92010,0x00000000eaa80000)
 PSPermGen       total 58368K, used 58025K [0x00000000aff80000, 0x00000000b3880000, 0x00000000bff80000)
  object space 58368K, 99% used [0x00000000aff80000,0x00000000b382a628,0x00000000b3880000)
Event: 18.716 GC heap after
Heap after GC invocations=2 (full 0):
 PSYoungGen      total 306176K, used 43509K [0x00000000eaa80000, 0x0000000100000000, 0x0000000100000000)
  eden space 262656K, 0% used [0x00000000eaa80000,0x00000000eaa80000,0x00000000fab00000)
  from space 43520K, 99% used [0x00000000fd580000,0x00000000ffffd7e0,0x0000000100000000)
  to   space 43520K, 0% used [0x00000000fab00000,0x00000000fab00000,0x00000000fd580000)
 ParOldGen       total 699392K, used 36265K [0x00000000bff80000, 0x00000000eaa80000, 0x00000000eaa80000)
  object space 699392K, 5% used [0x00000000bff80000,0x00000000c22ea548,0x00000000eaa80000)
 PSPermGen       total 58368K, used 58025K [0x00000000aff80000, 0x00000000b3880000, 0x00000000bff80000)
  object space 58368K, 99% used [0x00000000aff80000,0x00000000b382a628,0x00000000b3880000)
}
Event: 439.499 GC heap before
{Heap before GC invocations=3 (full 0):
 PSYoungGen      total 306176K, used 306165K [0x00000000eaa80000, 0x0000000100000000, 0x0000000100000000)
  eden space 262656K, 100% used [0x00000000eaa80000,0x00000000fab00000,0x00000000fab00000)
  from space 43520K, 99% used [0x00000000fd580000,0x00000000ffffd7e0,0x0000000100000000)
  to   space 43520K, 0% used [0x00000000fab00000,0x00000000fab00000,0x00000000fd580000)
 ParOldGen       total 699392K, used 36265K [0x00000000bff80000, 0x00000000eaa80000, 0x00000000eaa80000)
  object space 699392K, 5% used [0x00000000bff80000,0x00000000c22ea548,0x00000000eaa80000)
 PSPermGen       total 65536K, used 65055K [0x00000000aff80000, 0x00000000b3f80000, 0x00000000bff80000)
  object space 65536K, 99% used [0x00000000aff80000,0x00000000b3f07d40,0x00000000b3f80000)
Event: 439.561 GC heap after
Heap after GC invocations=3 (full 0):
 PSYoungGen      total 306176K, used 43499K [0x00000000eaa80000, 0x0000000100000000, 0x0000000100000000)
  eden space 262656K, 0% used [0x00000000eaa80000,0x00000000eaa80000,0x00000000fab00000)
  from space 43520K, 99% used [0x00000000fab00000,0x00000000fd57ae58,0x00000000fd580000)
  to   space 43520K, 0% used [0x00000000fd580000,0x00000000fd580000,0x0000000100000000)
 ParOldGen       total 699392K, used 58741K [0x00000000bff80000, 0x00000000eaa80000, 0x00000000eaa80000)
  object space 699392K, 8% used [0x00000000bff80000,0x00000000c38dd4d8,0x00000000eaa80000)
 PSPermGen       total 65536K, used 65055K [0x00000000aff80000, 0x00000000b3f80000, 0x00000000bff80000)
  object space 65536K, 99% used [0x00000000aff80000,0x00000000b3f07d40,0x00000000b3f80000)
}
Event: 578.181 GC heap before
{Heap before GC invocations=4 (full 0):
 PSYoungGen      total 306176K, used 306155K [0x00000000eaa80000, 0x0000000100000000, 0x0000000100000000)
  eden space 262656K, 100% used [0x00000000eaa80000,0x00000000fab00000,0x00000000fab00000)
  from space 43520K, 99% used [0x00000000fab00000,0x00000000fd57ae58,0x00000000fd580000)
  to   space 43520K, 0% used [0x00000000fd580000,0x00000000fd580000,0x0000000100000000)
 ParOldGen       total 699392K, used 58741K [0x00000000bff80000, 0x00000000eaa80000, 0x00000000eaa80000)
  object space 699392K, 8% used [0x00000000bff80000,0x00000000c38dd4d8,0x00000000eaa80000)
 PSPermGen       total 66560K, used 66277K [0x00000000aff80000, 0x00000000b4080000, 0x00000000bff80000)
  object space 66560K, 99% used [0x00000000aff80000,0x00000000b4039590,0x00000000b4080000)
Event: 578.391 GC heap after
Heap after GC invocations=4 (full 0):
 PSYoungGen      total 306176K, used 43502K [0x00000000eaa80000, 0x0000000100000000, 0x0000000100000000)
  eden space 262656K, 0% used [0x00000000eaa80000,0x00000000eaa80000,0x00000000fab00000)
  from space 43520K, 99% used [0x00000000fd580000,0x00000000ffffb920,0x0000000100000000)
  to   space 43520K, 0% used [0x00000000fab00000,0x00000000fab00000,0x00000000fd580000)
 ParOldGen       total 699392K, used 61647K [0x00000000bff80000, 0x00000000eaa80000, 0x00000000eaa80000)
  object space 699392K, 8% used [0x00000000bff80000,0x00000000c3bb3d90,0x00000000eaa80000)
 PSPermGen       total 66560K, used 66277K [0x00000000aff80000, 0x00000000b4080000, 0x00000000bff80000)
  object space 66560K, 99% used [0x00000000aff80000,0x00000000b4039590,0x00000000b4080000)
}

